[2021-12-08 06:44:55] local.ERROR: SQLSTATE[HY000] [1049] Unknown database 'githubToken' (SQL: insert into `oauth_clients` (`user_id`, `name`, `secret`, `provider`, `redirect`, `personal_access_client`, `password_client`, `revoked`, `updated_at`, `created_at`) values (?, Lumen Personal Access Client, XTdrFbBNLzM7p5wiURvhPPmACMHJU2nRBNtFCLKa, ?, http://localhost, 1, 0, 0, 2021-12-08 06:44:55, 2021-12-08 06:44:55)) {"exception":"[object] (Illuminate\\Database\\QueryException(code: 1049): SQLSTATE[HY000] [1049] Unknown database 'githubToken' (SQL: insert into `oauth_clients` (`user_id`, `name`, `secret`, `provider`, `redirect`, `personal_access_client`, `password_client`, `revoked`, `updated_at`, `created_at`) values (?, Lumen Personal Access Client, XTdrFbBNLzM7p5wiURvhPPmACMHJU2nRBNtFCLKa, ?, http://localhost, 1, 0, 0, 2021-12-08 06:44:55, 2021-12-08 06:44:55)) at /Users/salamisamuel/githubTokenJob/LumenAPI/vendor/illuminate/database/Connection.php:703)
[stacktrace]
#0 /Users/salamisamuel/githubTokenJob/LumenAPI/vendor/illuminate/database/Connection.php(663): Illuminate\\Database\\Connection->runQueryCallback('insert into `oa...', Array, Object(Closure))
#1 /Users/salamisamuel/githubTokenJob/LumenAPI/vendor/illuminate/database/Connection.php(493): Illuminate\\Database\\Connection->run('insert into `oa...', Array, Object(Closure))
#2 /Users/salamisamuel/githubTokenJob/LumenAPI/vendor/illuminate/database/Connection.php(445): Illuminate\\Database\\Connection->statement('insert into `oa...', Array)
#3 /Users/salamisamuel/githubTokenJob/LumenAPI/vendor/illuminate/database/Query/Processors/Processor.php(32): Illuminate\\Database\\Connection->insert('insert into `oa...', Array)
#4 /Users/salamisamuel/githubTokenJob/LumenAPI/vendor/illuminate/database/Query/Builder.php(2966): Illuminate\\Database\\Query\\Processors\\Processor->processInsertGetId(Object(Illuminate\\Database\\Query\\Builder), 'insert into `oa...', Array, 'id')
#5 /Users/salamisamuel/githubTokenJob/LumenAPI/vendor/illuminate/database/Eloquent/Builder.php(1642): Illuminate\\Database\\Query\\Builder->insertGetId(Array, 'id')
#6 /Users/salamisamuel/githubTokenJob/LumenAPI/vendor/illuminate/database/Eloquent/Model.php(1188): Illuminate\\Database\\Eloquent\\Builder->__call('insertGetId', Array)
#7 /Users/salamisamuel/githubTokenJob/LumenAPI/vendor/illuminate/database/Eloquent/Model.php(1153): Illuminate\\Database\\Eloquent\\Model->insertAndSetId(Object(Illuminate\\Database\\Eloquent\\Builder), Array)
#8 /Users/salamisamuel/githubTokenJob/LumenAPI/vendor/illuminate/database/Eloquent/Model.php(994): Illuminate\\Database\\Eloquent\\Model->performInsert(Object(Illuminate\\Database\\Eloquent\\Builder))
#9 /Users/salamisamuel/githubTokenJob/LumenAPI/vendor/laravel/passport/src/ClientRepository.php(153): Illuminate\\Database\\Eloquent\\Model->save()
#10 /Users/salamisamuel/githubTokenJob/LumenAPI/vendor/laravel/passport/src/ClientRepository.php(168): Laravel\\Passport\\ClientRepository->create(NULL, 'Lumen Personal ...', 'http://localhos...', NULL, true)
#11 /Users/salamisamuel/githubTokenJob/LumenAPI/vendor/laravel/passport/src/Console/ClientCommand.php(67): Laravel\\Passport\\ClientRepository->createPersonalAccessClient(NULL, 'Lumen Personal ...', 'http://localhos...')
#12 /Users/salamisamuel/githubTokenJob/LumenAPI/vendor/laravel/passport/src/Console/ClientCommand.php(43): Laravel\\Passport\\Console\\ClientCommand->createPersonalClient(Object(Laravel\\Passport\\ClientRepository))
#13 /Users/salamisamuel/githubTokenJob/LumenAPI/vendor/illuminate/container/BoundMethod.php(36): Laravel\\Passport\\Console\\ClientCommand->handle(Object(Laravel\\Passport\\ClientRepository))
#14 /Users/salamisamuel/githubTokenJob/LumenAPI/vendor/illuminate/container/Util.php(40): Illuminate\\Container\\BoundMethod::Illuminate\\Container\\{closure}()
#15 /Users/salamisamuel/githubTokenJob/LumenAPI/vendor/illuminate/container/BoundMethod.php(93): Illuminate\\Container\\Util::unwrapIfClosure(Object(Closure))
#16 /Users/salamisamuel/githubTokenJob/LumenAPI/vendor/illuminate/container/BoundMethod.php(37): Illuminate\\Container\\BoundMethod::callBoundMethod(Object(Laravel\\Lumen\\Application), Array, Object(Closure))
#17 /Users/salamisamuel/githubTokenJob/LumenAPI/vendor/illuminate/container/Container.php(653): Illuminate\\Container\\BoundMethod::call(Object(Laravel\\Lumen\\Application), Array, Array, NULL)
#18 /Users/salamisamuel/githubTokenJob/LumenAPI/vendor/illuminate/console/Command.php(136): Illuminate\\Container\\Container->call(Array)
#19 /Users/salamisamuel/githubTokenJob/LumenAPI/vendor/symfony/console/Command/Command.php(298): Illuminate\\Console\\Command->execute(Object(Symfony\\Component\\Console\\Input\\ArrayInput), Object(Illuminate\\Console\\OutputStyle))
#20 /Users/salamisamuel/githubTokenJob/LumenAPI/vendor/illuminate/console/Command.php(121): Symfony\\Component\\Console\\Command\\Command->run(Object(Symfony\\Component\\Console\\Input\\ArrayInput), Object(Illuminate\\Console\\OutputStyle))
#21 /Users/salamisamuel/githubTokenJob/LumenAPI/vendor/illuminate/console/Concerns/CallsCommands.php(68): Illuminate\\Console\\Command->run(Object(Symfony\\Component\\Console\\Input\\ArrayInput), Object(Illuminate\\Console\\OutputStyle))
#22 /Users/salamisamuel/githubTokenJob/LumenAPI/vendor/illuminate/console/Concerns/CallsCommands.php(28): Illuminate\\Console\\Command->runCommand('passport:client', Array, Object(Illuminate\\Console\\OutputStyle))
#23 /Users/salamisamuel/githubTokenJob/LumenAPI/vendor/laravel/passport/src/Console/InstallCommand.php(42): Illuminate\\Console\\Command->call('passport:client', Array)
#24 /Users/salamisamuel/githubTokenJob/LumenAPI/vendor/illuminate/container/BoundMethod.php(36): Laravel\\Passport\\Console\\InstallCommand->handle()
#25 /Users/salamisamuel/githubTokenJob/LumenAPI/vendor/illuminate/container/Util.php(40): Illuminate\\Container\\BoundMethod::Illuminate\\Container\\{closure}()
#26 /Users/salamisamuel/githubTokenJob/LumenAPI/vendor/illuminate/container/BoundMethod.php(93): Illuminate\\Container\\Util::unwrapIfClosure(Object(Closure))
#27 /Users/salamisamuel/githubTokenJob/LumenAPI/vendor/illuminate/container/BoundMethod.php(37): Illuminate\\Container\\BoundMethod::callBoundMethod(Object(Laravel\\Lumen\\Application), Array, Object(Closure))
#28 /Users/salamisamuel/githubTokenJob/LumenAPI/vendor/illuminate/container/Container.php(653): Illuminate\\Container\\BoundMethod::call(Object(Laravel\\Lumen\\Application), Array, Array, NULL)
#29 /Users/salamisamuel/githubTokenJob/LumenAPI/vendor/illuminate/console/Command.php(136): Illuminate\\Container\\Container->call(Array)
#30 /Users/salamisamuel/githubTokenJob/LumenAPI/vendor/symfony/console/Command/Command.php(298): Illuminate\\Console\\Command->execute(Object(Symfony\\Component\\Console\\Input\\ArgvInput), Object(Illuminate\\Console\\OutputStyle))
#31 /Users/salamisamuel/githubTokenJob/LumenAPI/vendor/illuminate/console/Command.php(121): Symfony\\Component\\Console\\Command\\Command->run(Object(Symfony\\Component\\Console\\Input\\ArgvInput), Object(Illuminate\\Console\\OutputStyle))
#32 /Users/salamisamuel/githubTokenJob/LumenAPI/vendor/symfony/console/Application.php(1005): Illuminate\\Console\\Command->run(Object(Symfony\\Component\\Console\\Input\\ArgvInput), Object(Symfony\\Component\\Console\\Output\\ConsoleOutput))
#33 /Users/salamisamuel/githubTokenJob/LumenAPI/vendor/symfony/console/Application.php(299): Symfony\\Component\\Console\\Application->doRunCommand(Object(Laravel\\Passport\\Console\\InstallCommand), Object(Symfony\\Component\\Console\\Input\\ArgvInput), Object(Symfony\\Component\\Console\\Output\\ConsoleOutput))
#34 /Users/salamisamuel/githubTokenJob/LumenAPI/vendor/symfony/console/Application.php(171): Symfony\\Component\\Console\\Application->doRun(Object(Symfony\\Component\\Console\\Input\\ArgvInput), Object(Symfony\\Component\\Console\\Output\\ConsoleOutput))
#35 /Users/salamisamuel/githubTokenJob/LumenAPI/vendor/illuminate/console/Application.php(94): Symfony\\Component\\Console\\Application->run(Object(Symfony\\Component\\Console\\Input\\ArgvInput), Object(Symfony\\Component\\Console\\Output\\ConsoleOutput))
#36 /Users/salamisamuel/githubTokenJob/LumenAPI/vendor/laravel/lumen-framework/src/Console/Kernel.php(116): Illuminate\\Console\\Application->run(Object(Symfony\\Component\\Console\\Input\\ArgvInput), Object(Symfony\\Component\\Console\\Output\\ConsoleOutput))
#37 /Users/salamisamuel/githubTokenJob/LumenAPI/artisan(35): Laravel\\Lumen\\Console\\Kernel->handle(Object(Symfony\\Component\\Console\\Input\\ArgvInput), Object(Symfony\\Component\\Console\\Output\\ConsoleOutput))
#38 {main}

[previous exception] [object] (PDOException(code: 1049): SQLSTATE[HY000] [1049] Unknown database 'githubToken' at /Users/salamisamuel/githubTokenJob/LumenAPI/vendor/illuminate/database/Connectors/Connector.php:70)
[stacktrace]
#0 /Users/salamisamuel/githubTokenJob/LumenAPI/vendor/illuminate/database/Connectors/Connector.php(70): PDO->__construct('mysql:host=127....', 'root', '', Array)
#1 /Users/salamisamuel/githubTokenJob/LumenAPI/vendor/illuminate/database/Connectors/Connector.php(46): Illuminate\\Database\\Connectors\\Connector->createPdoConnection('mysql:host=127....', 'root', '', Array)
#2 /Users/salamisamuel/githubTokenJob/LumenAPI/vendor/illuminate/database/Connectors/MySqlConnector.php(24): Illuminate\\Database\\Connectors\\Connector->createConnection('mysql:host=127....', Array, Array)
#3 /Users/salamisamuel/githubTokenJob/LumenAPI/vendor/illuminate/database/Connectors/ConnectionFactory.php(184): Illuminate\\Database\\Connectors\\MySqlConnector->connect(Array)
#4 [internal function]: Illuminate\\Database\\Connectors\\ConnectionFactory->Illuminate\\Database\\Connectors\\{closure}()
#5 /Users/salamisamuel/githubTokenJob/LumenAPI/vendor/illuminate/database/Connection.php(1021): call_user_func(Object(Closure))
#6 /Users/salamisamuel/githubTokenJob/LumenAPI/vendor/illuminate/database/Connection.php(486): Illuminate\\Database\\Connection->getPdo()
#7 /Users/salamisamuel/githubTokenJob/LumenAPI/vendor/illuminate/database/Connection.php(696): Illuminate\\Database\\Connection->Illuminate\\Database\\{closure}('insert into `oa...', Array)
#8 /Users/salamisamuel/githubTokenJob/LumenAPI/vendor/illuminate/database/Connection.php(663): Illuminate\\Database\\Connection->runQueryCallback('insert into `oa...', Array, Object(Closure))
#9 /Users/salamisamuel/githubTokenJob/LumenAPI/vendor/illuminate/database/Connection.php(493): Illuminate\\Database\\Connection->run('insert into `oa...', Array, Object(Closure))
#10 /Users/salamisamuel/githubTokenJob/LumenAPI/vendor/illuminate/database/Connection.php(445): Illuminate\\Database\\Connection->statement('insert into `oa...', Array)
#11 /Users/salamisamuel/githubTokenJob/LumenAPI/vendor/illuminate/database/Query/Processors/Processor.php(32): Illuminate\\Database\\Connection->insert('insert into `oa...', Array)
#12 /Users/salamisamuel/githubTokenJob/LumenAPI/vendor/illuminate/database/Query/Builder.php(2966): Illuminate\\Database\\Query\\Processors\\Processor->processInsertGetId(Object(Illuminate\\Database\\Query\\Builder), 'insert into `oa...', Array, 'id')
#13 /Users/salamisamuel/githubTokenJob/LumenAPI/vendor/illuminate/database/Eloquent/Builder.php(1642): Illuminate\\Database\\Query\\Builder->insertGetId(Array, 'id')
#14 /Users/salamisamuel/githubTokenJob/LumenAPI/vendor/illuminate/database/Eloquent/Model.php(1188): Illuminate\\Database\\Eloquent\\Builder->__call('insertGetId', Array)
#15 /Users/salamisamuel/githubTokenJob/LumenAPI/vendor/illuminate/database/Eloquent/Model.php(1153): Illuminate\\Database\\Eloquent\\Model->insertAndSetId(Object(Illuminate\\Database\\Eloquent\\Builder), Array)
#16 /Users/salamisamuel/githubTokenJob/LumenAPI/vendor/illuminate/database/Eloquent/Model.php(994): Illuminate\\Database\\Eloquent\\Model->performInsert(Object(Illuminate\\Database\\Eloquent\\Builder))
#17 /Users/salamisamuel/githubTokenJob/LumenAPI/vendor/laravel/passport/src/ClientRepository.php(153): Illuminate\\Database\\Eloquent\\Model->save()
#18 /Users/salamisamuel/githubTokenJob/LumenAPI/vendor/laravel/passport/src/ClientRepository.php(168): Laravel\\Passport\\ClientRepository->create(NULL, 'Lumen Personal ...', 'http://localhos...', NULL, true)
#19 /Users/salamisamuel/githubTokenJob/LumenAPI/vendor/laravel/passport/src/Console/ClientCommand.php(67): Laravel\\Passport\\ClientRepository->createPersonalAccessClient(NULL, 'Lumen Personal ...', 'http://localhos...')
#20 /Users/salamisamuel/githubTokenJob/LumenAPI/vendor/laravel/passport/src/Console/ClientCommand.php(43): Laravel\\Passport\\Console\\ClientCommand->createPersonalClient(Object(Laravel\\Passport\\ClientRepository))
#21 /Users/salamisamuel/githubTokenJob/LumenAPI/vendor/illuminate/container/BoundMethod.php(36): Laravel\\Passport\\Console\\ClientCommand->handle(Object(Laravel\\Passport\\ClientRepository))
#22 /Users/salamisamuel/githubTokenJob/LumenAPI/vendor/illuminate/container/Util.php(40): Illuminate\\Container\\BoundMethod::Illuminate\\Container\\{closure}()
#23 /Users/salamisamuel/githubTokenJob/LumenAPI/vendor/illuminate/container/BoundMethod.php(93): Illuminate\\Container\\Util::unwrapIfClosure(Object(Closure))
#24 /Users/salamisamuel/githubTokenJob/LumenAPI/vendor/illuminate/container/BoundMethod.php(37): Illuminate\\Container\\BoundMethod::callBoundMethod(Object(Laravel\\Lumen\\Application), Array, Object(Closure))
#25 /Users/salamisamuel/githubTokenJob/LumenAPI/vendor/illuminate/container/Container.php(653): Illuminate\\Container\\BoundMethod::call(Object(Laravel\\Lumen\\Application), Array, Array, NULL)
#26 /Users/salamisamuel/githubTokenJob/LumenAPI/vendor/illuminate/console/Command.php(136): Illuminate\\Container\\Container->call(Array)
#27 /Users/salamisamuel/githubTokenJob/LumenAPI/vendor/symfony/console/Command/Command.php(298): Illuminate\\Console\\Command->execute(Object(Symfony\\Component\\Console\\Input\\ArrayInput), Object(Illuminate\\Console\\OutputStyle))
#28 /Users/salamisamuel/githubTokenJob/LumenAPI/vendor/illuminate/console/Command.php(121): Symfony\\Component\\Console\\Command\\Command->run(Object(Symfony\\Component\\Console\\Input\\ArrayInput), Object(Illuminate\\Console\\OutputStyle))
#29 /Users/salamisamuel/githubTokenJob/LumenAPI/vendor/illuminate/console/Concerns/CallsCommands.php(68): Illuminate\\Console\\Command->run(Object(Symfony\\Component\\Console\\Input\\ArrayInput), Object(Illuminate\\Console\\OutputStyle))
#30 /Users/salamisamuel/githubTokenJob/LumenAPI/vendor/illuminate/console/Concerns/CallsCommands.php(28): Illuminate\\Console\\Command->runCommand('passport:client', Array, Object(Illuminate\\Console\\OutputStyle))
#31 /Users/salamisamuel/githubTokenJob/LumenAPI/vendor/laravel/passport/src/Console/InstallCommand.php(42): Illuminate\\Console\\Command->call('passport:client', Array)
#32 /Users/salamisamuel/githubTokenJob/LumenAPI/vendor/illuminate/container/BoundMethod.php(36): Laravel\\Passport\\Console\\InstallCommand->handle()
#33 /Users/salamisamuel/githubTokenJob/LumenAPI/vendor/illuminate/container/Util.php(40): Illuminate\\Container\\BoundMethod::Illuminate\\Container\\{closure}()
#34 /Users/salamisamuel/githubTokenJob/LumenAPI/vendor/illuminate/container/BoundMethod.php(93): Illuminate\\Container\\Util::unwrapIfClosure(Object(Closure))
#35 /Users/salamisamuel/githubTokenJob/LumenAPI/vendor/illuminate/container/BoundMethod.php(37): Illuminate\\Container\\BoundMethod::callBoundMethod(Object(Laravel\\Lumen\\Application), Array, Object(Closure))
#36 /Users/salamisamuel/githubTokenJob/LumenAPI/vendor/illuminate/container/Container.php(653): Illuminate\\Container\\BoundMethod::call(Object(Laravel\\Lumen\\Application), Array, Array, NULL)
#37 /Users/salamisamuel/githubTokenJob/LumenAPI/vendor/illuminate/console/Command.php(136): Illuminate\\Container\\Container->call(Array)
#38 /Users/salamisamuel/githubTokenJob/LumenAPI/vendor/symfony/console/Command/Command.php(298): Illuminate\\Console\\Command->execute(Object(Symfony\\Component\\Console\\Input\\ArgvInput), Object(Illuminate\\Console\\OutputStyle))
#39 /Users/salamisamuel/githubTokenJob/LumenAPI/vendor/illuminate/console/Command.php(121): Symfony\\Component\\Console\\Command\\Command->run(Object(Symfony\\Component\\Console\\Input\\ArgvInput), Object(Illuminate\\Console\\OutputStyle))
#40 /Users/salamisamuel/githubTokenJob/LumenAPI/vendor/symfony/console/Application.php(1005): Illuminate\\Console\\Command->run(Object(Symfony\\Component\\Console\\Input\\ArgvInput), Object(Symfony\\Component\\Console\\Output\\ConsoleOutput))
#41 /Users/salamisamuel/githubTokenJob/LumenAPI/vendor/symfony/console/Application.php(299): Symfony\\Component\\Console\\Application->doRunCommand(Object(Laravel\\Passport\\Console\\InstallCommand), Object(Symfony\\Component\\Console\\Input\\ArgvInput), Object(Symfony\\Component\\Console\\Output\\ConsoleOutput))
#42 /Users/salamisamuel/githubTokenJob/LumenAPI/vendor/symfony/console/Application.php(171): Symfony\\Component\\Console\\Application->doRun(Object(Symfony\\Component\\Console\\Input\\ArgvInput), Object(Symfony\\Component\\Console\\Output\\ConsoleOutput))
#43 /Users/salamisamuel/githubTokenJob/LumenAPI/vendor/illuminate/console/Application.php(94): Symfony\\Component\\Console\\Application->run(Object(Symfony\\Component\\Console\\Input\\ArgvInput), Object(Symfony\\Component\\Console\\Output\\ConsoleOutput))
#44 /Users/salamisamuel/githubTokenJob/LumenAPI/vendor/laravel/lumen-framework/src/Console/Kernel.php(116): Illuminate\\Console\\Application->run(Object(Symfony\\Component\\Console\\Input\\ArgvInput), Object(Symfony\\Component\\Console\\Output\\ConsoleOutput))
#45 /Users/salamisamuel/githubTokenJob/LumenAPI/artisan(35): Laravel\\Lumen\\Console\\Kernel->handle(Object(Symfony\\Component\\Console\\Input\\ArgvInput), Object(Symfony\\Component\\Console\\Output\\ConsoleOutput))
#46 {main}
"} 
[2021-12-08 17:01:30] local.ERROR: Choice question must have at least 1 choice available. {"exception":"[object] (LogicException(code: 0): Choice question must have at least 1 choice available. at /Users/salamisamuel/githubTokenJob/LumenAPI/vendor/symfony/console/Question/ChoiceQuestion.php:36)
[stacktrace]
#0 /Users/salamisamuel/githubTokenJob/LumenAPI/vendor/illuminate/console/Concerns/InteractsWithIO.php(208): Symfony\\Component\\Console\\Question\\ChoiceQuestion->__construct('Which user prov...', Array, NULL)
#1 /Users/salamisamuel/githubTokenJob/LumenAPI/vendor/laravel/passport/src/Console/ClientCommand.php(93): Illuminate\\Console\\Command->choice('Which user prov...', Array, NULL)
#2 /Users/salamisamuel/githubTokenJob/LumenAPI/vendor/laravel/passport/src/Console/ClientCommand.php(45): Laravel\\Passport\\Console\\ClientCommand->createPasswordClient(Object(Laravel\\Passport\\ClientRepository))
#3 /Users/salamisamuel/githubTokenJob/LumenAPI/vendor/illuminate/container/BoundMethod.php(36): Laravel\\Passport\\Console\\ClientCommand->handle(Object(Laravel\\Passport\\ClientRepository))
#4 /Users/salamisamuel/githubTokenJob/LumenAPI/vendor/illuminate/container/Util.php(40): Illuminate\\Container\\BoundMethod::Illuminate\\Container\\{closure}()
#5 /Users/salamisamuel/githubTokenJob/LumenAPI/vendor/illuminate/container/BoundMethod.php(93): Illuminate\\Container\\Util::unwrapIfClosure(Object(Closure))
#6 /Users/salamisamuel/githubTokenJob/LumenAPI/vendor/illuminate/container/BoundMethod.php(37): Illuminate\\Container\\BoundMethod::callBoundMethod(Object(Laravel\\Lumen\\Application), Array, Object(Closure))
#7 /Users/salamisamuel/githubTokenJob/LumenAPI/vendor/illuminate/container/Container.php(653): Illuminate\\Container\\BoundMethod::call(Object(Laravel\\Lumen\\Application), Array, Array, NULL)
#8 /Users/salamisamuel/githubTokenJob/LumenAPI/vendor/illuminate/console/Command.php(136): Illuminate\\Container\\Container->call(Array)
#9 /Users/salamisamuel/githubTokenJob/LumenAPI/vendor/symfony/console/Command/Command.php(298): Illuminate\\Console\\Command->execute(Object(Symfony\\Component\\Console\\Input\\ArrayInput), Object(Illuminate\\Console\\OutputStyle))
#10 /Users/salamisamuel/githubTokenJob/LumenAPI/vendor/illuminate/console/Command.php(121): Symfony\\Component\\Console\\Command\\Command->run(Object(Symfony\\Component\\Console\\Input\\ArrayInput), Object(Illuminate\\Console\\OutputStyle))
#11 /Users/salamisamuel/githubTokenJob/LumenAPI/vendor/illuminate/console/Concerns/CallsCommands.php(68): Illuminate\\Console\\Command->run(Object(Symfony\\Component\\Console\\Input\\ArrayInput), Object(Illuminate\\Console\\OutputStyle))
#12 /Users/salamisamuel/githubTokenJob/LumenAPI/vendor/illuminate/console/Concerns/CallsCommands.php(28): Illuminate\\Console\\Command->runCommand('passport:client', Array, Object(Illuminate\\Console\\OutputStyle))
#13 /Users/salamisamuel/githubTokenJob/LumenAPI/vendor/laravel/passport/src/Console/InstallCommand.php(43): Illuminate\\Console\\Command->call('passport:client', Array)
#14 /Users/salamisamuel/githubTokenJob/LumenAPI/vendor/illuminate/container/BoundMethod.php(36): Laravel\\Passport\\Console\\InstallCommand->handle()
#15 /Users/salamisamuel/githubTokenJob/LumenAPI/vendor/illuminate/container/Util.php(40): Illuminate\\Container\\BoundMethod::Illuminate\\Container\\{closure}()
#16 /Users/salamisamuel/githubTokenJob/LumenAPI/vendor/illuminate/container/BoundMethod.php(93): Illuminate\\Container\\Util::unwrapIfClosure(Object(Closure))
#17 /Users/salamisamuel/githubTokenJob/LumenAPI/vendor/illuminate/container/BoundMethod.php(37): Illuminate\\Container\\BoundMethod::callBoundMethod(Object(Laravel\\Lumen\\Application), Array, Object(Closure))
#18 /Users/salamisamuel/githubTokenJob/LumenAPI/vendor/illuminate/container/Container.php(653): Illuminate\\Container\\BoundMethod::call(Object(Laravel\\Lumen\\Application), Array, Array, NULL)
#19 /Users/salamisamuel/githubTokenJob/LumenAPI/vendor/illuminate/console/Command.php(136): Illuminate\\Container\\Container->call(Array)
#20 /Users/salamisamuel/githubTokenJob/LumenAPI/vendor/symfony/console/Command/Command.php(298): Illuminate\\Console\\Command->execute(Object(Symfony\\Component\\Console\\Input\\ArgvInput), Object(Illuminate\\Console\\OutputStyle))
#21 /Users/salamisamuel/githubTokenJob/LumenAPI/vendor/illuminate/console/Command.php(121): Symfony\\Component\\Console\\Command\\Command->run(Object(Symfony\\Component\\Console\\Input\\ArgvInput), Object(Illuminate\\Console\\OutputStyle))
#22 /Users/salamisamuel/githubTokenJob/LumenAPI/vendor/symfony/console/Application.php(1005): Illuminate\\Console\\Command->run(Object(Symfony\\Component\\Console\\Input\\ArgvInput), Object(Symfony\\Component\\Console\\Output\\ConsoleOutput))
#23 /Users/salamisamuel/githubTokenJob/LumenAPI/vendor/symfony/console/Application.php(299): Symfony\\Component\\Console\\Application->doRunCommand(Object(Laravel\\Passport\\Console\\InstallCommand), Object(Symfony\\Component\\Console\\Input\\ArgvInput), Object(Symfony\\Component\\Console\\Output\\ConsoleOutput))
#24 /Users/salamisamuel/githubTokenJob/LumenAPI/vendor/symfony/console/Application.php(171): Symfony\\Component\\Console\\Application->doRun(Object(Symfony\\Component\\Console\\Input\\ArgvInput), Object(Symfony\\Component\\Console\\Output\\ConsoleOutput))
#25 /Users/salamisamuel/githubTokenJob/LumenAPI/vendor/illuminate/console/Application.php(94): Symfony\\Component\\Console\\Application->run(Object(Symfony\\Component\\Console\\Input\\ArgvInput), Object(Symfony\\Component\\Console\\Output\\ConsoleOutput))
#26 /Users/salamisamuel/githubTokenJob/LumenAPI/vendor/laravel/lumen-framework/src/Console/Kernel.php(116): Illuminate\\Console\\Application->run(Object(Symfony\\Component\\Console\\Input\\ArgvInput), Object(Symfony\\Component\\Console\\Output\\ConsoleOutput))
#27 /Users/salamisamuel/githubTokenJob/LumenAPI/artisan(35): Laravel\\Lumen\\Console\\Kernel->handle(Object(Symfony\\Component\\Console\\Input\\ArgvInput), Object(Symfony\\Component\\Console\\Output\\ConsoleOutput))
#28 {main}
"} 
[2021-12-08 17:23:38] local.ERROR: Trait 'App\Traits\UuidTraits' not found {"exception":"[object] (Symfony\\Component\\ErrorHandler\\Error\\FatalError(code: 0): Trait 'App\\Traits\\UuidTraits' not found at /Users/salamisamuel/githubTokenJob/LumenAPI/app/Models/User.php:16)
[stacktrace]
#0 {main}
"} 
[2021-12-08 17:23:43] local.ERROR: Trait 'App\Traits\UuidTraits' not found {"exception":"[object] (Symfony\\Component\\ErrorHandler\\Error\\FatalError(code: 0): Trait 'App\\Traits\\UuidTraits' not found at /Users/salamisamuel/githubTokenJob/LumenAPI/app/Models/User.php:16)
[stacktrace]
#0 {main}
"} 
[2021-12-08 18:42:19] local.ERROR: Choice question must have at least 1 choice available. {"exception":"[object] (LogicException(code: 0): Choice question must have at least 1 choice available. at /Users/salamisamuel/githubTokenJob/LumenAPI/vendor/symfony/console/Question/ChoiceQuestion.php:36)
[stacktrace]
#0 /Users/salamisamuel/githubTokenJob/LumenAPI/vendor/illuminate/console/Concerns/InteractsWithIO.php(208): Symfony\\Component\\Console\\Question\\ChoiceQuestion->__construct('Which user prov...', Array, NULL)
#1 /Users/salamisamuel/githubTokenJob/LumenAPI/vendor/laravel/passport/src/Console/ClientCommand.php(93): Illuminate\\Console\\Command->choice('Which user prov...', Array, NULL)
#2 /Users/salamisamuel/githubTokenJob/LumenAPI/vendor/laravel/passport/src/Console/ClientCommand.php(45): Laravel\\Passport\\Console\\ClientCommand->createPasswordClient(Object(Laravel\\Passport\\ClientRepository))
#3 /Users/salamisamuel/githubTokenJob/LumenAPI/vendor/illuminate/container/BoundMethod.php(36): Laravel\\Passport\\Console\\ClientCommand->handle(Object(Laravel\\Passport\\ClientRepository))
#4 /Users/salamisamuel/githubTokenJob/LumenAPI/vendor/illuminate/container/Util.php(40): Illuminate\\Container\\BoundMethod::Illuminate\\Container\\{closure}()
#5 /Users/salamisamuel/githubTokenJob/LumenAPI/vendor/illuminate/container/BoundMethod.php(93): Illuminate\\Container\\Util::unwrapIfClosure(Object(Closure))
#6 /Users/salamisamuel/githubTokenJob/LumenAPI/vendor/illuminate/container/BoundMethod.php(37): Illuminate\\Container\\BoundMethod::callBoundMethod(Object(Laravel\\Lumen\\Application), Array, Object(Closure))
#7 /Users/salamisamuel/githubTokenJob/LumenAPI/vendor/illuminate/container/Container.php(653): Illuminate\\Container\\BoundMethod::call(Object(Laravel\\Lumen\\Application), Array, Array, NULL)
#8 /Users/salamisamuel/githubTokenJob/LumenAPI/vendor/illuminate/console/Command.php(136): Illuminate\\Container\\Container->call(Array)
#9 /Users/salamisamuel/githubTokenJob/LumenAPI/vendor/symfony/console/Command/Command.php(298): Illuminate\\Console\\Command->execute(Object(Symfony\\Component\\Console\\Input\\ArrayInput), Object(Illuminate\\Console\\OutputStyle))
#10 /Users/salamisamuel/githubTokenJob/LumenAPI/vendor/illuminate/console/Command.php(121): Symfony\\Component\\Console\\Command\\Command->run(Object(Symfony\\Component\\Console\\Input\\ArrayInput), Object(Illuminate\\Console\\OutputStyle))
#11 /Users/salamisamuel/githubTokenJob/LumenAPI/vendor/illuminate/console/Concerns/CallsCommands.php(68): Illuminate\\Console\\Command->run(Object(Symfony\\Component\\Console\\Input\\ArrayInput), Object(Illuminate\\Console\\OutputStyle))
#12 /Users/salamisamuel/githubTokenJob/LumenAPI/vendor/illuminate/console/Concerns/CallsCommands.php(28): Illuminate\\Console\\Command->runCommand('passport:client', Array, Object(Illuminate\\Console\\OutputStyle))
#13 /Users/salamisamuel/githubTokenJob/LumenAPI/vendor/laravel/passport/src/Console/InstallCommand.php(43): Illuminate\\Console\\Command->call('passport:client', Array)
#14 /Users/salamisamuel/githubTokenJob/LumenAPI/vendor/illuminate/container/BoundMethod.php(36): Laravel\\Passport\\Console\\InstallCommand->handle()
#15 /Users/salamisamuel/githubTokenJob/LumenAPI/vendor/illuminate/container/Util.php(40): Illuminate\\Container\\BoundMethod::Illuminate\\Container\\{closure}()
#16 /Users/salamisamuel/githubTokenJob/LumenAPI/vendor/illuminate/container/BoundMethod.php(93): Illuminate\\Container\\Util::unwrapIfClosure(Object(Closure))
#17 /Users/salamisamuel/githubTokenJob/LumenAPI/vendor/illuminate/container/BoundMethod.php(37): Illuminate\\Container\\BoundMethod::callBoundMethod(Object(Laravel\\Lumen\\Application), Array, Object(Closure))
#18 /Users/salamisamuel/githubTokenJob/LumenAPI/vendor/illuminate/container/Container.php(653): Illuminate\\Container\\BoundMethod::call(Object(Laravel\\Lumen\\Application), Array, Array, NULL)
#19 /Users/salamisamuel/githubTokenJob/LumenAPI/vendor/illuminate/console/Command.php(136): Illuminate\\Container\\Container->call(Array)
#20 /Users/salamisamuel/githubTokenJob/LumenAPI/vendor/symfony/console/Command/Command.php(298): Illuminate\\Console\\Command->execute(Object(Symfony\\Component\\Console\\Input\\ArgvInput), Object(Illuminate\\Console\\OutputStyle))
#21 /Users/salamisamuel/githubTokenJob/LumenAPI/vendor/illuminate/console/Command.php(121): Symfony\\Component\\Console\\Command\\Command->run(Object(Symfony\\Component\\Console\\Input\\ArgvInput), Object(Illuminate\\Console\\OutputStyle))
#22 /Users/salamisamuel/githubTokenJob/LumenAPI/vendor/symfony/console/Application.php(1005): Illuminate\\Console\\Command->run(Object(Symfony\\Component\\Console\\Input\\ArgvInput), Object(Symfony\\Component\\Console\\Output\\ConsoleOutput))
#23 /Users/salamisamuel/githubTokenJob/LumenAPI/vendor/symfony/console/Application.php(299): Symfony\\Component\\Console\\Application->doRunCommand(Object(Laravel\\Passport\\Console\\InstallCommand), Object(Symfony\\Component\\Console\\Input\\ArgvInput), Object(Symfony\\Component\\Console\\Output\\ConsoleOutput))
#24 /Users/salamisamuel/githubTokenJob/LumenAPI/vendor/symfony/console/Application.php(171): Symfony\\Component\\Console\\Application->doRun(Object(Symfony\\Component\\Console\\Input\\ArgvInput), Object(Symfony\\Component\\Console\\Output\\ConsoleOutput))
#25 /Users/salamisamuel/githubTokenJob/LumenAPI/vendor/illuminate/console/Application.php(94): Symfony\\Component\\Console\\Application->run(Object(Symfony\\Component\\Console\\Input\\ArgvInput), Object(Symfony\\Component\\Console\\Output\\ConsoleOutput))
#26 /Users/salamisamuel/githubTokenJob/LumenAPI/vendor/laravel/lumen-framework/src/Console/Kernel.php(116): Illuminate\\Console\\Application->run(Object(Symfony\\Component\\Console\\Input\\ArgvInput), Object(Symfony\\Component\\Console\\Output\\ConsoleOutput))
#27 /Users/salamisamuel/githubTokenJob/LumenAPI/artisan(35): Laravel\\Lumen\\Console\\Kernel->handle(Object(Symfony\\Component\\Console\\Input\\ArgvInput), Object(Symfony\\Component\\Console\\Output\\ConsoleOutput))
#28 {main}
"} 
[2021-12-08 18:43:51] local.ERROR: Undefined variable: message {"exception":"[object] (ErrorException(code: 0): Undefined variable: message at /Users/salamisamuel/githubTokenJob/LumenAPI/app/Http/Controllers/AuthController.php:84)
[stacktrace]
#0 /Users/salamisamuel/githubTokenJob/LumenAPI/vendor/laravel/lumen-framework/src/Concerns/RegistersExceptionHandlers.php(47): Laravel\\Lumen\\Application->handleError(8, 'Undefined varia...', '/Users/salamisa...', 84)
#1 /Users/salamisamuel/githubTokenJob/LumenAPI/app/Http/Controllers/AuthController.php(84): Laravel\\Lumen\\Application->Laravel\\Lumen\\Concerns\\{closure}(8, 'Undefined varia...', '/Users/salamisa...', 84, Array)
#2 /Users/salamisamuel/githubTokenJob/LumenAPI/vendor/illuminate/container/BoundMethod.php(36): App\\Http\\Controllers\\AuthController->register(Object(Laravel\\Lumen\\Http\\Request))
#3 /Users/salamisamuel/githubTokenJob/LumenAPI/vendor/illuminate/container/Util.php(40): Illuminate\\Container\\BoundMethod::Illuminate\\Container\\{closure}()
#4 /Users/salamisamuel/githubTokenJob/LumenAPI/vendor/illuminate/container/BoundMethod.php(93): Illuminate\\Container\\Util::unwrapIfClosure(Object(Closure))
#5 /Users/salamisamuel/githubTokenJob/LumenAPI/vendor/illuminate/container/BoundMethod.php(37): Illuminate\\Container\\BoundMethod::callBoundMethod(Object(Laravel\\Lumen\\Application), Array, Object(Closure))
#6 /Users/salamisamuel/githubTokenJob/LumenAPI/vendor/illuminate/container/Container.php(653): Illuminate\\Container\\BoundMethod::call(Object(Laravel\\Lumen\\Application), Array, Array, NULL)
#7 /Users/salamisamuel/githubTokenJob/LumenAPI/vendor/laravel/lumen-framework/src/Concerns/RoutesRequests.php(389): Illuminate\\Container\\Container->call(Array, Array)
#8 /Users/salamisamuel/githubTokenJob/LumenAPI/vendor/laravel/lumen-framework/src/Concerns/RoutesRequests.php(355): Laravel\\Lumen\\Application->callControllerCallable(Array, Array)
#9 /Users/salamisamuel/githubTokenJob/LumenAPI/vendor/laravel/lumen-framework/src/Concerns/RoutesRequests.php(329): Laravel\\Lumen\\Application->callLumenController(Object(App\\Http\\Controllers\\AuthController), 'register', Array)
#10 /Users/salamisamuel/githubTokenJob/LumenAPI/vendor/laravel/lumen-framework/src/Concerns/RoutesRequests.php(282): Laravel\\Lumen\\Application->callControllerAction(Array)
#11 /Users/salamisamuel/githubTokenJob/LumenAPI/vendor/laravel/lumen-framework/src/Concerns/RoutesRequests.php(267): Laravel\\Lumen\\Application->callActionOnArrayBasedRoute(Array)
#12 /Users/salamisamuel/githubTokenJob/LumenAPI/vendor/laravel/lumen-framework/src/Concerns/RoutesRequests.php(169): Laravel\\Lumen\\Application->handleFoundRoute(Array)
#13 /Users/salamisamuel/githubTokenJob/LumenAPI/vendor/laravel/lumen-framework/src/Routing/Pipeline.php(48): Laravel\\Lumen\\Application->Laravel\\Lumen\\Concerns\\{closure}(Object(Laravel\\Lumen\\Http\\Request))
#14 /Users/salamisamuel/githubTokenJob/LumenAPI/app/Http/Middleware/CorsMiddleware.php(30): Laravel\\Lumen\\Routing\\Pipeline->Laravel\\Lumen\\Routing\\{closure}(Object(Laravel\\Lumen\\Http\\Request))
#15 /Users/salamisamuel/githubTokenJob/LumenAPI/vendor/illuminate/pipeline/Pipeline.php(167): App\\Http\\Middleware\\CorsMiddleware->handle(Object(Laravel\\Lumen\\Http\\Request), Object(Closure))
#16 /Users/salamisamuel/githubTokenJob/LumenAPI/vendor/laravel/lumen-framework/src/Routing/Pipeline.php(30): Illuminate\\Pipeline\\Pipeline->Illuminate\\Pipeline\\{closure}(Object(Laravel\\Lumen\\Http\\Request))
#17 /Users/salamisamuel/githubTokenJob/LumenAPI/app/Http/Middleware/ExampleMiddleware.php(18): Laravel\\Lumen\\Routing\\Pipeline->Laravel\\Lumen\\Routing\\{closure}(Object(Laravel\\Lumen\\Http\\Request))
#18 /Users/salamisamuel/githubTokenJob/LumenAPI/vendor/illuminate/pipeline/Pipeline.php(167): App\\Http\\Middleware\\ExampleMiddleware->handle(Object(Laravel\\Lumen\\Http\\Request), Object(Closure))
#19 /Users/salamisamuel/githubTokenJob/LumenAPI/vendor/laravel/lumen-framework/src/Routing/Pipeline.php(30): Illuminate\\Pipeline\\Pipeline->Illuminate\\Pipeline\\{closure}(Object(Laravel\\Lumen\\Http\\Request))
#20 /Users/salamisamuel/githubTokenJob/LumenAPI/vendor/illuminate/pipeline/Pipeline.php(103): Laravel\\Lumen\\Routing\\Pipeline->Laravel\\Lumen\\Routing\\{closure}(Object(Laravel\\Lumen\\Http\\Request))
#21 /Users/salamisamuel/githubTokenJob/LumenAPI/vendor/laravel/lumen-framework/src/Concerns/RoutesRequests.php(426): Illuminate\\Pipeline\\Pipeline->then(Object(Closure))
#22 /Users/salamisamuel/githubTokenJob/LumenAPI/vendor/laravel/lumen-framework/src/Concerns/RoutesRequests.php(175): Laravel\\Lumen\\Application->sendThroughPipeline(Array, Object(Closure))
#23 /Users/salamisamuel/githubTokenJob/LumenAPI/vendor/laravel/lumen-framework/src/Concerns/RoutesRequests.php(112): Laravel\\Lumen\\Application->dispatch(NULL)
#24 /Users/salamisamuel/githubTokenJob/LumenAPI/public/index.php(28): Laravel\\Lumen\\Application->run()
#25 {main}
"} 
[2021-12-08 18:44:55] local.ERROR: Undefined variable: message {"exception":"[object] (ErrorException(code: 0): Undefined variable: message at /Users/salamisamuel/githubTokenJob/LumenAPI/app/Http/Controllers/AuthController.php:84)
[stacktrace]
#0 /Users/salamisamuel/githubTokenJob/LumenAPI/vendor/laravel/lumen-framework/src/Concerns/RegistersExceptionHandlers.php(47): Laravel\\Lumen\\Application->handleError(8, 'Undefined varia...', '/Users/salamisa...', 84)
#1 /Users/salamisamuel/githubTokenJob/LumenAPI/app/Http/Controllers/AuthController.php(84): Laravel\\Lumen\\Application->Laravel\\Lumen\\Concerns\\{closure}(8, 'Undefined varia...', '/Users/salamisa...', 84, Array)
#2 /Users/salamisamuel/githubTokenJob/LumenAPI/vendor/illuminate/container/BoundMethod.php(36): App\\Http\\Controllers\\AuthController->register(Object(Laravel\\Lumen\\Http\\Request))
#3 /Users/salamisamuel/githubTokenJob/LumenAPI/vendor/illuminate/container/Util.php(40): Illuminate\\Container\\BoundMethod::Illuminate\\Container\\{closure}()
#4 /Users/salamisamuel/githubTokenJob/LumenAPI/vendor/illuminate/container/BoundMethod.php(93): Illuminate\\Container\\Util::unwrapIfClosure(Object(Closure))
#5 /Users/salamisamuel/githubTokenJob/LumenAPI/vendor/illuminate/container/BoundMethod.php(37): Illuminate\\Container\\BoundMethod::callBoundMethod(Object(Laravel\\Lumen\\Application), Array, Object(Closure))
#6 /Users/salamisamuel/githubTokenJob/LumenAPI/vendor/illuminate/container/Container.php(653): Illuminate\\Container\\BoundMethod::call(Object(Laravel\\Lumen\\Application), Array, Array, NULL)
#7 /Users/salamisamuel/githubTokenJob/LumenAPI/vendor/laravel/lumen-framework/src/Concerns/RoutesRequests.php(389): Illuminate\\Container\\Container->call(Array, Array)
#8 /Users/salamisamuel/githubTokenJob/LumenAPI/vendor/laravel/lumen-framework/src/Concerns/RoutesRequests.php(355): Laravel\\Lumen\\Application->callControllerCallable(Array, Array)
#9 /Users/salamisamuel/githubTokenJob/LumenAPI/vendor/laravel/lumen-framework/src/Concerns/RoutesRequests.php(329): Laravel\\Lumen\\Application->callLumenController(Object(App\\Http\\Controllers\\AuthController), 'register', Array)
#10 /Users/salamisamuel/githubTokenJob/LumenAPI/vendor/laravel/lumen-framework/src/Concerns/RoutesRequests.php(282): Laravel\\Lumen\\Application->callControllerAction(Array)
#11 /Users/salamisamuel/githubTokenJob/LumenAPI/vendor/laravel/lumen-framework/src/Concerns/RoutesRequests.php(267): Laravel\\Lumen\\Application->callActionOnArrayBasedRoute(Array)
#12 /Users/salamisamuel/githubTokenJob/LumenAPI/vendor/laravel/lumen-framework/src/Concerns/RoutesRequests.php(169): Laravel\\Lumen\\Application->handleFoundRoute(Array)
#13 /Users/salamisamuel/githubTokenJob/LumenAPI/vendor/laravel/lumen-framework/src/Routing/Pipeline.php(48): Laravel\\Lumen\\Application->Laravel\\Lumen\\Concerns\\{closure}(Object(Laravel\\Lumen\\Http\\Request))
#14 /Users/salamisamuel/githubTokenJob/LumenAPI/app/Http/Middleware/CorsMiddleware.php(30): Laravel\\Lumen\\Routing\\Pipeline->Laravel\\Lumen\\Routing\\{closure}(Object(Laravel\\Lumen\\Http\\Request))
#15 /Users/salamisamuel/githubTokenJob/LumenAPI/vendor/illuminate/pipeline/Pipeline.php(167): App\\Http\\Middleware\\CorsMiddleware->handle(Object(Laravel\\Lumen\\Http\\Request), Object(Closure))
#16 /Users/salamisamuel/githubTokenJob/LumenAPI/vendor/laravel/lumen-framework/src/Routing/Pipeline.php(30): Illuminate\\Pipeline\\Pipeline->Illuminate\\Pipeline\\{closure}(Object(Laravel\\Lumen\\Http\\Request))
#17 /Users/salamisamuel/githubTokenJob/LumenAPI/app/Http/Middleware/ExampleMiddleware.php(18): Laravel\\Lumen\\Routing\\Pipeline->Laravel\\Lumen\\Routing\\{closure}(Object(Laravel\\Lumen\\Http\\Request))
#18 /Users/salamisamuel/githubTokenJob/LumenAPI/vendor/illuminate/pipeline/Pipeline.php(167): App\\Http\\Middleware\\ExampleMiddleware->handle(Object(Laravel\\Lumen\\Http\\Request), Object(Closure))
#19 /Users/salamisamuel/githubTokenJob/LumenAPI/vendor/laravel/lumen-framework/src/Routing/Pipeline.php(30): Illuminate\\Pipeline\\Pipeline->Illuminate\\Pipeline\\{closure}(Object(Laravel\\Lumen\\Http\\Request))
#20 /Users/salamisamuel/githubTokenJob/LumenAPI/vendor/illuminate/pipeline/Pipeline.php(103): Laravel\\Lumen\\Routing\\Pipeline->Laravel\\Lumen\\Routing\\{closure}(Object(Laravel\\Lumen\\Http\\Request))
#21 /Users/salamisamuel/githubTokenJob/LumenAPI/vendor/laravel/lumen-framework/src/Concerns/RoutesRequests.php(426): Illuminate\\Pipeline\\Pipeline->then(Object(Closure))
#22 /Users/salamisamuel/githubTokenJob/LumenAPI/vendor/laravel/lumen-framework/src/Concerns/RoutesRequests.php(175): Laravel\\Lumen\\Application->sendThroughPipeline(Array, Object(Closure))
#23 /Users/salamisamuel/githubTokenJob/LumenAPI/vendor/laravel/lumen-framework/src/Concerns/RoutesRequests.php(112): Laravel\\Lumen\\Application->dispatch(NULL)
#24 /Users/salamisamuel/githubTokenJob/LumenAPI/public/index.php(28): Laravel\\Lumen\\Application->run()
#25 {main}
"} 
[2021-12-08 19:17:54] local.ERROR: Undefined variable: message {"exception":"[object] (ErrorException(code: 0): Undefined variable: message at /Users/salamisamuel/githubTokenJob/LumenAPI/app/Http/Controllers/AuthController.php:80)
[stacktrace]
#0 /Users/salamisamuel/githubTokenJob/LumenAPI/vendor/laravel/lumen-framework/src/Concerns/RegistersExceptionHandlers.php(47): Laravel\\Lumen\\Application->handleError(8, 'Undefined varia...', '/Users/salamisa...', 80)
#1 /Users/salamisamuel/githubTokenJob/LumenAPI/app/Http/Controllers/AuthController.php(80): Laravel\\Lumen\\Application->Laravel\\Lumen\\Concerns\\{closure}(8, 'Undefined varia...', '/Users/salamisa...', 80, Array)
#2 /Users/salamisamuel/githubTokenJob/LumenAPI/vendor/illuminate/container/BoundMethod.php(36): App\\Http\\Controllers\\AuthController->register(Object(Laravel\\Lumen\\Http\\Request))
#3 /Users/salamisamuel/githubTokenJob/LumenAPI/vendor/illuminate/container/Util.php(40): Illuminate\\Container\\BoundMethod::Illuminate\\Container\\{closure}()
#4 /Users/salamisamuel/githubTokenJob/LumenAPI/vendor/illuminate/container/BoundMethod.php(93): Illuminate\\Container\\Util::unwrapIfClosure(Object(Closure))
#5 /Users/salamisamuel/githubTokenJob/LumenAPI/vendor/illuminate/container/BoundMethod.php(37): Illuminate\\Container\\BoundMethod::callBoundMethod(Object(Laravel\\Lumen\\Application), Array, Object(Closure))
#6 /Users/salamisamuel/githubTokenJob/LumenAPI/vendor/illuminate/container/Container.php(653): Illuminate\\Container\\BoundMethod::call(Object(Laravel\\Lumen\\Application), Array, Array, NULL)
#7 /Users/salamisamuel/githubTokenJob/LumenAPI/vendor/laravel/lumen-framework/src/Concerns/RoutesRequests.php(389): Illuminate\\Container\\Container->call(Array, Array)
#8 /Users/salamisamuel/githubTokenJob/LumenAPI/vendor/laravel/lumen-framework/src/Concerns/RoutesRequests.php(355): Laravel\\Lumen\\Application->callControllerCallable(Array, Array)
#9 /Users/salamisamuel/githubTokenJob/LumenAPI/vendor/laravel/lumen-framework/src/Concerns/RoutesRequests.php(329): Laravel\\Lumen\\Application->callLumenController(Object(App\\Http\\Controllers\\AuthController), 'register', Array)
#10 /Users/salamisamuel/githubTokenJob/LumenAPI/vendor/laravel/lumen-framework/src/Concerns/RoutesRequests.php(282): Laravel\\Lumen\\Application->callControllerAction(Array)
#11 /Users/salamisamuel/githubTokenJob/LumenAPI/vendor/laravel/lumen-framework/src/Concerns/RoutesRequests.php(267): Laravel\\Lumen\\Application->callActionOnArrayBasedRoute(Array)
#12 /Users/salamisamuel/githubTokenJob/LumenAPI/vendor/laravel/lumen-framework/src/Concerns/RoutesRequests.php(169): Laravel\\Lumen\\Application->handleFoundRoute(Array)
#13 /Users/salamisamuel/githubTokenJob/LumenAPI/vendor/laravel/lumen-framework/src/Routing/Pipeline.php(48): Laravel\\Lumen\\Application->Laravel\\Lumen\\Concerns\\{closure}(Object(Laravel\\Lumen\\Http\\Request))
#14 /Users/salamisamuel/githubTokenJob/LumenAPI/app/Http/Middleware/CorsMiddleware.php(30): Laravel\\Lumen\\Routing\\Pipeline->Laravel\\Lumen\\Routing\\{closure}(Object(Laravel\\Lumen\\Http\\Request))
#15 /Users/salamisamuel/githubTokenJob/LumenAPI/vendor/illuminate/pipeline/Pipeline.php(167): App\\Http\\Middleware\\CorsMiddleware->handle(Object(Laravel\\Lumen\\Http\\Request), Object(Closure))
#16 /Users/salamisamuel/githubTokenJob/LumenAPI/vendor/laravel/lumen-framework/src/Routing/Pipeline.php(30): Illuminate\\Pipeline\\Pipeline->Illuminate\\Pipeline\\{closure}(Object(Laravel\\Lumen\\Http\\Request))
#17 /Users/salamisamuel/githubTokenJob/LumenAPI/app/Http/Middleware/ExampleMiddleware.php(18): Laravel\\Lumen\\Routing\\Pipeline->Laravel\\Lumen\\Routing\\{closure}(Object(Laravel\\Lumen\\Http\\Request))
#18 /Users/salamisamuel/githubTokenJob/LumenAPI/vendor/illuminate/pipeline/Pipeline.php(167): App\\Http\\Middleware\\ExampleMiddleware->handle(Object(Laravel\\Lumen\\Http\\Request), Object(Closure))
#19 /Users/salamisamuel/githubTokenJob/LumenAPI/vendor/laravel/lumen-framework/src/Routing/Pipeline.php(30): Illuminate\\Pipeline\\Pipeline->Illuminate\\Pipeline\\{closure}(Object(Laravel\\Lumen\\Http\\Request))
#20 /Users/salamisamuel/githubTokenJob/LumenAPI/vendor/illuminate/pipeline/Pipeline.php(103): Laravel\\Lumen\\Routing\\Pipeline->Laravel\\Lumen\\Routing\\{closure}(Object(Laravel\\Lumen\\Http\\Request))
#21 /Users/salamisamuel/githubTokenJob/LumenAPI/vendor/laravel/lumen-framework/src/Concerns/RoutesRequests.php(426): Illuminate\\Pipeline\\Pipeline->then(Object(Closure))
#22 /Users/salamisamuel/githubTokenJob/LumenAPI/vendor/laravel/lumen-framework/src/Concerns/RoutesRequests.php(175): Laravel\\Lumen\\Application->sendThroughPipeline(Array, Object(Closure))
#23 /Users/salamisamuel/githubTokenJob/LumenAPI/vendor/laravel/lumen-framework/src/Concerns/RoutesRequests.php(112): Laravel\\Lumen\\Application->dispatch(NULL)
#24 /Users/salamisamuel/githubTokenJob/LumenAPI/public/index.php(28): Laravel\\Lumen\\Application->run()
#25 {main}
"} 
[2021-12-08 21:28:21] local.ERROR: Argument 1 passed to Laravel\Lumen\Application::bootProvider() must be an instance of Illuminate\Support\ServiceProvider, instance of GrahamCampbell\GitHub\Facades\GitHub given, called in /Users/salamisamuel/githubTokenJob/LumenAPI/vendor/laravel/lumen-framework/src/Application.php on line 262 {"exception":"[object] (TypeError(code: 0): Argument 1 passed to Laravel\\Lumen\\Application::bootProvider() must be an instance of Illuminate\\Support\\ServiceProvider, instance of GrahamCampbell\\GitHub\\Facades\\GitHub given, called in /Users/salamisamuel/githubTokenJob/LumenAPI/vendor/laravel/lumen-framework/src/Application.php on line 262 at /Users/salamisamuel/githubTokenJob/LumenAPI/vendor/laravel/lumen-framework/src/Application.php:274)
[stacktrace]
#0 /Users/salamisamuel/githubTokenJob/LumenAPI/vendor/laravel/lumen-framework/src/Application.php(262): Laravel\\Lumen\\Application->bootProvider(Object(GrahamCampbell\\GitHub\\Facades\\GitHub))
#1 /Users/salamisamuel/githubTokenJob/LumenAPI/vendor/laravel/lumen-framework/src/Console/Kernel.php(114): Laravel\\Lumen\\Application->boot()
#2 /Users/salamisamuel/githubTokenJob/LumenAPI/artisan(35): Laravel\\Lumen\\Console\\Kernel->handle(Object(Symfony\\Component\\Console\\Input\\ArgvInput), Object(Symfony\\Component\\Console\\Output\\ConsoleOutput))
#3 {main}
"} 
[2021-12-08 22:13:04] local.ERROR: Argument 1 passed to Laravel\Lumen\Application::bootProvider() must be an instance of Illuminate\Support\ServiceProvider, instance of GrahamCampbell\GitHub\Facades\GitHub given, called in /Users/salamisamuel/githubTokenJob/LumenAPI/vendor/laravel/lumen-framework/src/Application.php on line 262 {"exception":"[object] (TypeError(code: 0): Argument 1 passed to Laravel\\Lumen\\Application::bootProvider() must be an instance of Illuminate\\Support\\ServiceProvider, instance of GrahamCampbell\\GitHub\\Facades\\GitHub given, called in /Users/salamisamuel/githubTokenJob/LumenAPI/vendor/laravel/lumen-framework/src/Application.php on line 262 at /Users/salamisamuel/githubTokenJob/LumenAPI/vendor/laravel/lumen-framework/src/Application.php:274)
[stacktrace]
#0 /Users/salamisamuel/githubTokenJob/LumenAPI/vendor/laravel/lumen-framework/src/Application.php(262): Laravel\\Lumen\\Application->bootProvider(Object(GrahamCampbell\\GitHub\\Facades\\GitHub))
#1 /Users/salamisamuel/githubTokenJob/LumenAPI/vendor/laravel/lumen-framework/src/Concerns/RoutesRequests.php(163): Laravel\\Lumen\\Application->boot()
#2 /Users/salamisamuel/githubTokenJob/LumenAPI/vendor/laravel/lumen-framework/src/Concerns/RoutesRequests.php(112): Laravel\\Lumen\\Application->dispatch(NULL)
#3 /Users/salamisamuel/githubTokenJob/LumenAPI/public/index.php(28): Laravel\\Lumen\\Application->run()
#4 {main}
"} 
[2021-12-08 22:23:39] local.ERROR: Class 'App\Http\Controllers\Auth' not found {"exception":"[object] (Error(code: 0): Class 'App\\Http\\Controllers\\Auth' not found at /Users/salamisamuel/githubTokenJob/LumenAPI/app/Http/Controllers/GeneralController.php:38)
[stacktrace]
#0 /Users/salamisamuel/githubTokenJob/LumenAPI/vendor/illuminate/container/BoundMethod.php(36): App\\Http\\Controllers\\GeneralController->githubToken(Object(Laravel\\Lumen\\Http\\Request))
#1 /Users/salamisamuel/githubTokenJob/LumenAPI/vendor/illuminate/container/Util.php(40): Illuminate\\Container\\BoundMethod::Illuminate\\Container\\{closure}()
#2 /Users/salamisamuel/githubTokenJob/LumenAPI/vendor/illuminate/container/BoundMethod.php(93): Illuminate\\Container\\Util::unwrapIfClosure(Object(Closure))
#3 /Users/salamisamuel/githubTokenJob/LumenAPI/vendor/illuminate/container/BoundMethod.php(37): Illuminate\\Container\\BoundMethod::callBoundMethod(Object(Laravel\\Lumen\\Application), Array, Object(Closure))
#4 /Users/salamisamuel/githubTokenJob/LumenAPI/vendor/illuminate/container/Container.php(653): Illuminate\\Container\\BoundMethod::call(Object(Laravel\\Lumen\\Application), Array, Array, NULL)
#5 /Users/salamisamuel/githubTokenJob/LumenAPI/vendor/laravel/lumen-framework/src/Concerns/RoutesRequests.php(389): Illuminate\\Container\\Container->call(Array, Array)
#6 /Users/salamisamuel/githubTokenJob/LumenAPI/vendor/laravel/lumen-framework/src/Concerns/RoutesRequests.php(355): Laravel\\Lumen\\Application->callControllerCallable(Array, Array)
#7 /Users/salamisamuel/githubTokenJob/LumenAPI/vendor/laravel/lumen-framework/src/Concerns/RoutesRequests.php(329): Laravel\\Lumen\\Application->callLumenController(Object(App\\Http\\Controllers\\GeneralController), 'githubToken', Array)
#8 /Users/salamisamuel/githubTokenJob/LumenAPI/vendor/laravel/lumen-framework/src/Concerns/RoutesRequests.php(282): Laravel\\Lumen\\Application->callControllerAction(Array)
#9 /Users/salamisamuel/githubTokenJob/LumenAPI/vendor/laravel/lumen-framework/src/Concerns/RoutesRequests.php(267): Laravel\\Lumen\\Application->callActionOnArrayBasedRoute(Array)
#10 /Users/salamisamuel/githubTokenJob/LumenAPI/vendor/laravel/lumen-framework/src/Concerns/RoutesRequests.php(169): Laravel\\Lumen\\Application->handleFoundRoute(Array)
#11 /Users/salamisamuel/githubTokenJob/LumenAPI/vendor/laravel/lumen-framework/src/Routing/Pipeline.php(48): Laravel\\Lumen\\Application->Laravel\\Lumen\\Concerns\\{closure}(Object(Laravel\\Lumen\\Http\\Request))
#12 /Users/salamisamuel/githubTokenJob/LumenAPI/app/Http/Middleware/CorsMiddleware.php(30): Laravel\\Lumen\\Routing\\Pipeline->Laravel\\Lumen\\Routing\\{closure}(Object(Laravel\\Lumen\\Http\\Request))
#13 /Users/salamisamuel/githubTokenJob/LumenAPI/vendor/illuminate/pipeline/Pipeline.php(167): App\\Http\\Middleware\\CorsMiddleware->handle(Object(Laravel\\Lumen\\Http\\Request), Object(Closure))
#14 /Users/salamisamuel/githubTokenJob/LumenAPI/vendor/laravel/lumen-framework/src/Routing/Pipeline.php(30): Illuminate\\Pipeline\\Pipeline->Illuminate\\Pipeline\\{closure}(Object(Laravel\\Lumen\\Http\\Request))
#15 /Users/salamisamuel/githubTokenJob/LumenAPI/app/Http/Middleware/ExampleMiddleware.php(18): Laravel\\Lumen\\Routing\\Pipeline->Laravel\\Lumen\\Routing\\{closure}(Object(Laravel\\Lumen\\Http\\Request))
#16 /Users/salamisamuel/githubTokenJob/LumenAPI/vendor/illuminate/pipeline/Pipeline.php(167): App\\Http\\Middleware\\ExampleMiddleware->handle(Object(Laravel\\Lumen\\Http\\Request), Object(Closure))
#17 /Users/salamisamuel/githubTokenJob/LumenAPI/vendor/laravel/lumen-framework/src/Routing/Pipeline.php(30): Illuminate\\Pipeline\\Pipeline->Illuminate\\Pipeline\\{closure}(Object(Laravel\\Lumen\\Http\\Request))
#18 /Users/salamisamuel/githubTokenJob/LumenAPI/vendor/illuminate/pipeline/Pipeline.php(103): Laravel\\Lumen\\Routing\\Pipeline->Laravel\\Lumen\\Routing\\{closure}(Object(Laravel\\Lumen\\Http\\Request))
#19 /Users/salamisamuel/githubTokenJob/LumenAPI/vendor/laravel/lumen-framework/src/Concerns/RoutesRequests.php(426): Illuminate\\Pipeline\\Pipeline->then(Object(Closure))
#20 /Users/salamisamuel/githubTokenJob/LumenAPI/vendor/laravel/lumen-framework/src/Concerns/RoutesRequests.php(175): Laravel\\Lumen\\Application->sendThroughPipeline(Array, Object(Closure))
#21 /Users/salamisamuel/githubTokenJob/LumenAPI/vendor/laravel/lumen-framework/src/Concerns/RoutesRequests.php(112): Laravel\\Lumen\\Application->dispatch(NULL)
#22 /Users/salamisamuel/githubTokenJob/LumenAPI/public/index.php(28): Laravel\\Lumen\\Application->run()
#23 {main}
"} 
